<testsuite tests="9" failures="1" errors="0" time="2.15">
  <testcase classname="AzureInfraTests" name="1._Verify_Spoke_VNet">
    <status>PASS</status>
  </testcase>
  <testcase classname="AzureInfraTests" name="2._Verify_Subnets_with_correct_CIDRs">
    <status>PASS</status>
  </testcase>
  <testcase classname="AzureInfraTests" name="3._Verify_NSG_and_Rules">
    <status>PASS</status>
  </testcase>
  <testcase classname="AzureInfraTests" name="4._Verify_Bastion_VM_Public_IP_and_Admin_User">
    <status>PASS</status>
  </testcase>
  <testcase classname="AzureInfraTests" name="5._Verify_APIM_internal_network_and_DNS">
    <failure message="APIM is not internal or missing &#39;internal&#39; field" type="failure"></failure>
    <status>FAIL</status>
  </testcase>
  <testcase classname="AzureInfraTests" name="6._Verify_VM_Size">
    <status>PASS</status>
  </testcase>
  <testcase classname="AzureInfraTests" name="7._Verify_Storage_Account_Replication">
    <status>PASS</status>
  </testcase>
  <testcase classname="AzureInfraTests" name="8._Verify_Managed_Identity">
    <status>PASS</status>
  </testcase>
  <testcase classname="AzureInfraTests" name="9._Verify_App_Service_Plan_Location">
    <status>PASS</status>
  </testcase>
</testsuite>