<testsuite tests="3" failures="2" errors="0" time="0">
  <testcase classname="Terraform Test" name="1._Verify_Resource_Group_Exists_with_Correct_Name_and_Location">
    <status>PASS</status>
  </testcase>
  <testcase classname="Terraform Test" name="2._Verify_Tags_Applied_on_Resource_Group">
    <failure message="Expected tag &#39;Name&#39; not found" type="error"></failure>
    <status>FAIL</status>
  </testcase>
  <testcase classname="Terraform Test" name="3._Verify_Terraform_Outputs_for_Resource_Group_Name_and_ID">
    <failure message="Output &#39;name&#39; not found" type="error"></failure>
    <status>FAIL</status>
  </testcase>
</testsuite>